bfede22c    S
bfede228    S
bfede224    S
bfede220    S
bfede21c    S
bfede218    S
bfede218    L
bfede218    L
bfede208    S
b7f90ff4    L
b7f91318    S
b7f91320    S
b7f90f28    L
b7f91370    S
b7f90f30    L
b7f91348    S
b7f90f38    L
b7f9134c    S
b7f90f40    L
b7f91350    S
b7f90f48    L
b7f91360    S
b7f90f50    L
b7f91364    S
b7f90f58    L
b7f91344    S
b7f90f60    L
b7f91340    S
b7f90f68    L
b7f91388    S
b7f90f70    L
b7f91394    S
b7f90f78    L
b7f9137c    S
b7f90f80    L
b7f91380    S
b7f90f88    L
b7f91384    S
b7f90f90    L
b7f913cc    S
b7f90f98    L
b7f913c8    S
b7f90fa0    L
b7f913fc    S
b7f90fa8    L
b7f913d4    S
b7f90fb0    L
b7f91318    L
b7f91348    L
b7f90f34    L
b7f90f34    S
b7f91344    L
b7f90f5c    L
b7f90f5c    S
b7f9134c    L
b7f90f3c    L
b7f90f3c    S
b7f91350    L
b7f90f44    L
b7f90f44    S
b7f9137c    L
b7f90f7c    L
b7f90f7c    S
b7f91394    L
b7f90f74    L
b7f90f74    S
b7f913fc    L
b7f90fa4    L
b7f90fa4    S
b7f91388    L
b7f90f6c    L
b7f9137c    L
b7f91384    L
b7f90f8c    L
b7f913d0    L
b7f913b0    L
b7f913ac    L
b7f91374    L
b7f91318    L
b7f9137c    L
b7f90f7c    L
b7f91380    L
b7f90f84    L
bfede214    S
bfede218    S
b7f91388    L
b7f91394    L
bfede218    L
b7f90f74    L
b7f91340    L
b7f90f64    L
bfede214    L
bfede214    S
bfede214    L
bfede218    S
b7f91350    L
b7f913d4    L
b7f90f44    L
bfede20c    S
bfede214    L
b7f90fac    L
b7f76734    L
b7f76730    L
b7f90e68    L
b7f90e68    S
b7f7673c    L
b7f76738    L
b7f90e74    L
b7f90e74    S
b7f76744    L
b7f76740    L
b7f90e78    L
b7f90e78    S
b7f7674c    L
b7f76748    L
b7f90e7c    L
b7f90e7c    S
b7f76754    L
b7f76750    L
b7f90e80    L
b7f90e80    S
b7f7675c    L
b7f76758    L
b7f90e84    L
b7f90e84    S
b7f76764    L
b7f76760    L
b7f90e88    L
b7f90e88    S
b7f7676c    L
b7f76768    L
b7f90e8c    L
b7f90e8c    S
b7f76774    L
b7f76770    L
b7f90e90    L
b7f90e90    S
b7f7677c    L
b7f76778    L
b7f90fd8    L
b7f90fd8    S
b7f76784    L
b7f76780    L
b7f9160c    L
b7f9160c    S
b7f913fc    L
bfede218    L
b7f7678c    L
b7f76788    L
bfede210    S
bfede20c    L
b7f76466    L
b7f7645c    L
b7f91318    L
bfede210    L
b7f90fdc    S
bfede218    L
b7f76794    L
b7f76790    L
bfede210    S
bfede20c    L
b7f76306    L
b7f762fc    L
b7f91318    L
bfede210    L
b7f91000    S
bfede218    L
b7f7679c    L
b7f76798    L
bfede210    S
bfede20c    L
b7f76316    L
b7f7630c    L
b7f91318    L
bfede210    L
b7f91004    S
bfede218    L
b7f767a4    L
b7f767a0    L
bfede210    S
bfede20c    L
b7f76386    L
b7f7637c    L
b7f91318    L
bfede210    L
b7f91008    S
bfede218    L
b7f767ac    L
b7f767a8    L
bfede210    S
bfede20c    L
b7f763f6    L
b7f763ec    L
b7f91318    L
bfede210    L
b7f9100c    S
bfede218    L
b7f767b4    L
b7f767b0    L
bfede210    S
bfede20c    L
b7f76486    L
b7f7647c    L
b7f91318    L
bfede210    L
b7f91010    S
bfede218    L
b7f91494    L
b7f91494    S
bfede1f4    S
bfede1f0    S
b7f91348    L
b7f90f34    L
b7f760f4    L
b7f91488    S
b7f91484    S
b7f9148c    S
bfede1f0    L
bfede1f4    L
b7f9132c    S
b7f914b4    S
b7f914b8    S
b7f914bc    S
bfede1fc    S
bfede208    L
b7f90f20    S
bfede1f8    S
bfede1f4    S
bfede1f0    S
bfede1ec    S
bfede1e8    S
bfede1e4    S
bfede1e0    S
bfede1e0    L
bfede1e0    L
bfede1f8    L
b7f90f20    S
bfede230    L
b7f90cc0    S
b7f90ef0    S
b7f916a8    S
bfede248    L
bfede24c    L
bfede250    L
bfede254    L
bfede258    L
bfede25c    L
bfede260    L
bfede264    L
bfede268    L
bfede26c    L
bfede270    L
bfede274    L
bfede278    L
bfede27c    L
bfede280    L
bfede284    L
bfede288    L
bfede28c    L
bfede290    L
bfede294    L
bfede298    L
bfede29c    L
bfede2a0    L
bfede2a4    L
bfede2a8    L
bfede2ac    L
bfede2b0    L
bfede2b4    L
bfede2b8    L
bfede2bc    L
bfede2c0    L
bfede2c4    L
bfede2c8    L
bfede2cc    L
bfede2d0    L
bfede2d4    L
bfede2d8    L
bfede2dc    L
bfede2e0    L
bfede2e4    L
bfede2e8    L
bfede2ec    L
bfede2f0    L
bfede2f4    L
bfede2f8    L
bfede2fc    L
bfede300    L
bfede304    L
bfede308    L
bfede30c    L
bfede310    L
bfede314    L
bfede318    L
bfede31c    L
bfede320    L
bfede324    L
bfede328    L
bfede32c    L
bfede330    L
bfede334    L
bfede338    L
bfede33c    L
bfede340    L
bfede344    L
bfede348    L
bfede34c    L
bfede350    L
bfede354    L
bfede358    L
bfede35c    L
bfede360    L
bfede364    L
bfede368    L
bfede36c    L
bfede370    L
bfede374    L
bfede378    L
bfede37c    L
bfede380    L
bfede384    L
bfede388    L
bfede38c    L
bfede390    L
b7f90f24    S
bfede1e0    S
b7f90cec    S
bfede394    L
b7f8b874    L
bfede39c    L
bfede398    L
b7f8b878    L
bfede3a0    L
b7f90e6c    S
bfede3a4    L
b7f8b834    L
bfede3a8    L
b7f90d28    S
b7f90d24    S
bfede3ac    L
b7f8b80c    L
bfede3b0    L
b7f90ce4    S
bfede3b4    L
b7f8b838    L
bfede3b8    L
b7f90cfc    S
bfede3bc    L
b7f8b800    L
bfede3c4    L
bfede3c0    L
b7f8b804    L
bfede3cc    L
b7f8b808    L
bfede3d4    L
bfede3d0    L
b7f8b810    L
bfede3dc    L
b7f8b814    L
bfede3e4    L
b7f8b818    L
bfede3e8    L
bfede1e0    S
bfede3ec    L
b7f8b820    L
bfede3f4    L
b7f8b824    L
bfede3fc    L
b7f8b828    L
bfede404    L
b7f8b82c    L
bfede40c    L
b7f8b850    L
bfede410    L
b7f90f1c    S
bfede414    L
b7f8b830    L
bfede418    L
b7f90cec    S
bfede41c    L
b7f90e6c    L
b7f90e68    S
bfede1d4    S
bfede1d0    S
bfede1cc    S
bfede1d4    L
bfede1c8    S
bfede1c4    S
bfede1c4    L
bfede1c4    L
b7f91694    S
bfede1c8    L
bfede1cc    L
bfede1d0    L
b7f90cec    L
bfede42b    L
bfede1d4    S
bfede1d0    S
bfede1d4    L
bfede42b    L
bfede42c    L
bfede1d4    L
bfede1d0    L
b7f90cf0    S
bfede1d4    S
bfede1d0    S
bfede1cc    S
bfede1c0    S
bfede1b8    S
bfede1b8    L
bfede1b8    L
bfede1c8    S
bfede1d4    L
bfede1c4    S
b7f91694    L
b7f91684    L
b7f91694    L
bfede1c0    L
bfede1c4    L
bfede1c8    L
bfede1cc    L
bfede1d0    L
b7f90f1c    L
bfede1dc    S
bfede1d8    S
bfede1d4    S
bfede1fc    L
bfede1d0    S
bfede1cc    S
bfede1c8    S
bfede1c4    S
bfede1c0    S
bfede1bc    S
bfede1bc    L
bfede1bc    L
b7f91314    S
b7f91608    S
b7f915d4    S
b7f915d8    S
b7f915e0    S
bfedde78    S
bfedde74    S
bfedde70    S
bfedde6c    S
bfedde68    S
bfedde64    S
bfedde64    L
bfedde64    L
bfedde4c    S
b7f90f1c    L
b7f916a8    L
bfedde64    S
b7f90e58    S
bfedde50    S
bfedde54    S
bfeddde4    S
bfeddde4    L
bfedddc8    S
bfedddc4    S
bfedddc0    S
bfedde64    L
bfede248    L
bfededaf    L
bfededb0    L
bfede24c    L
bfededc8    L
bfede250    L
bfedee3f    L
bfede254    L
bfedee71    L
bfede258    L
bfedee8e    L
bfede25c    L
bfedeebd    L
bfede260    L
bfedeecf    L
bfede264    L
bfedeeee    L
bfede268    L
bfedef31    L
bfede26c    L
bfedef58    L
bfede270    L
bfedef7f    L
bfede274    L
bfedef93    L
bfede278    L
bfedef9e    L
bfede27c    L
bfedefab    L
bfede280    L
bfedefb9    L
bfede284    L
bfedefca    L
bfede288    L
bfedefed    L
bfede28c    L
bfedf009    L
bfede290    L
bfedf01a    L
bfede294    L
bfedf05f    L
bfede298    L
bfedf068    L
bfede29c    L
bfedf07b    L
bfede2a0    L
bfedf08e    L
bfede2a4    L
bfedf09c    L
bfede2a8    L
bfedf0ad    L
bfedf0ae    L
bfede2ac    L
bfedf37d    L
bfedf37e    L
bfedf37f    L
bfedde64    S
bfedddc0    L
bfedddc4    L
bfedddc8    L
bfeddde0    S
bfedf380    L
bfeddde0    L
bfedf381    L
bfeddde0    L
bfedf382    L
bfeddde0    L
bfedf383    L
bfeddde0    L
bfedf384    L
bfeddde0    L
bfedf385    L
bfeddde0    L
bfedf386    L
bfeddde0    L
bfedf387    L
bfeddde0    L
bfedf388    L
bfeddde0    L
bfedf389    L
bfeddde0    L
bfedf38a    L
bfeddde0    L
bfedf38b    L
bfeddde0    L
bfedf38c    L
b7f8b0f8    L
bfeddde0    L
bfedf380    L
bfedf384    L
bfedf388    L
bfedf38c    L
bfeddde0    L
b7f90ee0    S
bfeddde4    L
bfedddc8    S
bfedddc4    S
bfedddc0    S
bfedde64    L
bfede2b0    L
bfedf3d7    L
bfede2b4    L
bfedf3f7    L
bfede2b8    L
bfedf40c    L
bfede2bc    L
bfedf41a    L
bfede2c0    L
bfedf445    L
bfede2c4    L
bfedf452    L
bfede2c8    L
bfedf45d    L
bfede2cc    L
bfedf46b    L
bfede2d0    L
bfedf4ad    L
bfede2d4    L
bfedf4bb    L
bfede2d8    L
bfedf8f4    L
bfede2dc    L
bfedf90c    L
bfede2e0    L
bfedf920    L
bfede2e4    L
bfedf929    L
bfede2e8    L
bfedf96b    L
bfede2ec    L
bfedf980    L
bfede2f0    L
bfedf9b0    L
bfede2f4    L
bfedf9c5    L
bfedf9c6    L
bfede2f8    L
bfedf9d0    L
bfede2fc    L
bfedf9ef    L
bfede300    L
bfedfa06    L
bfede304    L
bfedfa23    L
bfede308    L
bfedfa58    L
bfede30c    L
bfedfa9c    L
bfede310    L
bfedfab3    L
bfede314    L
bfedfabb    L
bfede318    L
bfedfac8    L
bfedfac9    L
bfede31c    L
bfedfae6    L
bfede320    L
bfedfb01    L
bfedfb02    L
bfede324    L
bfedfb20    L
bfede328    L
bfedfb41    L
bfede32c    L
bfedfb66    L
bfede330    L
bfedfbae    L
bfede334    L
bfedfbc8    L
bfedfbc9    L
bfede338    L
bfedfbd9    L
bfede33c    L
bfedfbf2    L
bfedfbf3    L
bfede340    L
bfedfbfd    L
bfede344    L
bfedfc32    L
bfede348    L
bfedfc98    L
bfede34c    L
bfedfccb    L
bfede350    L
bfedfcd7    L
bfede354    L
bfedfce6    L
bfede358    L
bfedfd1c    L
bfede35c    L
bfedfd46    L
bfede360    L
bfedfdaa    L
bfedfdab    L
bfede364    L
bfedfdc2    L
bfede368    L
bfedfe93    L
bfede36c    L
bfedfedc    L
bfede370    L
bfedfef3    L
bfede374    L
bfedff1c    L
bfede378    L
bfedff3a    L
bfede37c    L
bfedff7e    L
bfedff7f    L
bfede380    L
bfedff9b    L
bfede384    L
bfedffb0    L
bfede388    L
bfedffbc    L
bfede38c    L
bfedffe9    L
bfede390    L
bfedddc0    L
bfedddc4    L
bfedddc8    L
bfeddde0    S
bfedde50    L
bfedde4c    L
bfede1b8    S
b7f90f1c    L
b7f90eec    L
bfedde68    L
bfedde6c    L
bfedde70    L
bfedde74    L
bfedde78    L
bfede1dc    L
bfede1e0    L
bfedde84    S
bfedde80    S
bfedde7c    S
bfedde78    S
bfedde74    S
bfedde70    S
bfedde6c    S
bfedde68    S
bfedde64    S
bfedde64    L
bfedde64    L
bfedde34    S
bfedde48    S
bfedde44    S
bfedde40    S
bfedde30    S
bfedde34    L
b7f8dc53    L
bfedde34    L
bfedde30    L
bfedde50    S
b7f90e98    L
bfedde58    S
bfedde80    L
bfedde58    S
bfedde50    L
bfedde38    S
bfedde34    S
bfedde30    S
b7f91008    L
bfedde2c    S
bfedde28    S
bfedde24    S
bfedde24    L
bfedde24    L
bfedde38    L
bfedde34    L
bfedde24    S
bfedde20    S
b7f91004    L
bfedde1c    S
bfedde18    S
bfedde14    S
bfedde14    L
bfedde14    L
bfedde24    L
bfedde10    S
bfedde14    S
bfedde0c    S
b7f91000    L
bfedde08    S
bfedddfc    S
bfedde10    L
bfeddde0    S
bfeddde0    L
bfeddde0    L
bfedde00    S
bfedde04    S
bfedde14    L
b7f9168c    L
b7f90ce4    L
b7f91688    S
b7f9168c    S
b7f91688    L
b7f91688    S
b7f9168c    L
b7f91688    L
bfedde00    L
bfedde04    L
b7f91690    S
b7f91688    S
bfedddfc    L
bfedde08    L
bfedde0c    L
bfedde18    L
bfedde1c    L
bfedde20    L
bfedde28    L
bfedde2c    L
bfedde30    L
bfedde54    S
bfedde4c    S
bfedde54    S
b7f916dc    S
b7f916e4    S
bfedde50    L
bfedde44    L
bfedde34    S
bfedde3c    S
bfedde38    S
bfedde30    S
bfedde2c    S
bfedde28    S
bfedde34    L
bfedde38    L
bfedde3c    L
b7f8dc53    L
b7f91990    S
bfedde28    L
bfedde2c    L
bfedde30    L
b7f9198c    S
b7f91984    S
bfedde54    L
bfedde48    L
b7f91844    L
b7f916cc    S
bfedde40    L
b7f91844    S
bfedde7c    L
b7f91830    S
bfedde84    L
b7f916e0    S
bfedde58    L
bfedde4c    L
b7f91904    S
bfedde58    L
bfedde4c    L
b7f9190c    S
bfedde58    L
bfedde4c    L
b7f91914    S
bfedde58    L
bfedde4c    L
b7f9191c    S
bfedde58    L
bfedde4c    L
b7f91924    S
bfedde58    L
bfedde4c    L
b7f9192c    S
bfedde58    L
bfedde4c    L
b7f91934    S
bfedde58    L
bfedde4c    L
b7f9193c    S
bfedde58    L
bfedde4c    L
b7f91944    S
bfedde58    L
bfedde4c    L
b7f9194c    S
bfedde58    L
bfedde4c    L
b7f91954    S
bfedde58    L
bfedde4c    L
b7f9195c    S
bfedde58    L
bfedde4c    L
b7f91964    S
bfedde58    L
bfedde4c    L
b7f9196c    S
bfedde58    L
bfedde4c    L
b7f91974    S
bfedde58    L
bfedde4c    L
b7f9197c    S
bfedde58    L
bfedde4c    L
bfedde4c    L
b7f91884    S
b7f91880    S
bfedde84    L
b7f91020    L
bfedde4c    L
b7f91020    S
bfedde84    L
b7f91024    L
b7f91024    S
bfedde7c    L
b7f912f8    L
b7f912f8    S
b7f912fc    L
b7f912fc    S
bfedde4c    L
bfedde7c    S
bfedde4c    L
b7f91884    L
bfedde7c    L
b7f91870    S
bfedde4c    L
bfedde4c    L
b7f91888    S
bfedde48    L
b7f8dc53    L
bfedde54    L
bfedde68    L
bfedde6c    L
bfedde70    L
bfedde74    L
bfedde78    L
bfeddf18    S
bfeddf18    L
b7f91020    L
bfede1d4    L
bfeddf18    L
b7f91814    S
bfede1d8    L
b7f9181c    S
bfede1dc    L
bfede1e0    L
b7f91818    S
bfeddf23    S
bfeddf18    L
b7f91840    L
b7f91840    S
b7f91868    S
b7f9186c    S
b7f91864    S
bfede1d4    L
bfede1d8    L
bfede1d8    S
bfede1d8    L
bfede1d4    L
bfeddf21    S
bfede1d4    L
8048034    L
bfede1d4    L
bfeddf18    L
804803c    L
b7f916c8    S
8048054    L
bfeddf18    L
804805c    L
b7f916c8    L
b7f91334    S
b7f91320    L
b7f91624    S
bfeddf21    S
8048074    L
bfeddf18    L
8048090    L
804807c    L
b7f916c8    L
b7f91864    L
b7f91864    S
bfeddf18    L
804807c    L
b7f916c8    L
8048088    L
b7f91868    L
b7f91868    S
804808c    L
bfeddf18    L
b7f9186c    L
b7f9186c    S
8048094    L
bfeddf18    L
80480b0    L
804809c    L
b7f916c8    L
b7f91864    L
bfeddf18    L
804809c    L
b7f916c8    L
80480a8    L
b7f91868    L
b7f91868    S
80480ac    L
80480b4    L
bfeddf18    L
80480bc    L
b7f916c8    L
b7f916d0    S
80480d4    L
80480f4    L
8048114    L
804812c    L
b7f915dc    S
bfeddf18    L
b7f918e0    L
bfeddf18    L
b7f91868    L
bfeddf18    L
b7f9186c    L
b7f91334    L
b7f91370    L
b7f9134c    L
b7f90f3c    L
b7f91334    L
b7f91624    L
b7f90f2c    L
bfedde7c    S
bfedde80    S
bfedde78    S
bfedde74    S
bfedde70    S
bfedde6c    S
bfedde80    L
bfedde7c    L
bfedde68    S
8048134    L
bfedde68    L
b7f765d8    L
bfedde68    S
bfedde6c    L
bfedde70    L
bfedde74    L
bfedde78    L
b7f91334    L
b7f90f2c    L
b7f91618    S
b7f9161c    S
b7f91628    L
b7f91614    S
b7f91628    S
b7f91494    L
bfeddf23    L
bfeddf18    L
b7f916d0    L
81a5134    L
b7f916ec    S
81a513c    L
b7f916ec    S
81a5144    L
b7f91718    S
81a514c    L
b7f9171c    S
81a5154    L
b7f916f8    S
81a515c    L
b7f916fc    S
81a5164    L
b7f91700    S